<?xml version="1.0" encoding="UTF-8"?>
<!-- Generated by org.testng.reporters.JUnitXMLReporter -->
<testsuite ignored="0" hostname="Sonny" failures="0" tests="5" name="Default test" time="77.978" errors="0" timestamp="2025-03-31T22:08:58 ICT">
  <testcase classname="Tests.BuyAndGetShipTest" name="testLogin" time="7.234"/>
  <testcase classname="Tests.BuyAndGetShipTest" name="testBuyAndGetShip" time="9.458"/>
  <testcase classname="Tests.BuyAndGetShipTest" name="testBuyWitoutDistrict" time="8.564"/>
  <testcase classname="Tests.BuyAndGetShipTest" name="testWithoutWard" time="19.495"/>
  <testcase classname="Tests.BuyAndGetShipTest" name="testWithoutAddress" time="9.102"/>
</testsuite> <!-- Default test -->
